<?xml version="1.0" encoding="UTF-8"?>
<!-- Generated by org.testng.reporters.JUnitReportReporter -->
<testsuite hostname="DESKTOP-7FA712Q" failures="0" tests="1"
	name="seleniumUI.ExcelWriter" time="13.338" errors="0"
	timestamp="2020-05-03T01:36:24 IST" skipped="0">
	<testcase classname="seleniumUI.ExcelWriter"
		name="launchbrowser" time="13.338" />
	<system-out />
</testsuite> <!-- seleniumUI.ExcelWriter -->
