<?xml version="1.0" encoding="UTF-8"?>
<!-- Generated by org.testng.reporters.JUnitReportReporter -->
<testsuite skipped="0" hostname="DESKTOP-7FA712Q"
	name="restassured.RestAssuredTest" tests="1" failures="0"
	timestamp="2020-05-04T20:02:11 IST" time="5.719" errors="0">
	<testcase name="GetWeatherDetails" time="5.719"
		classname="restassured.RestAssuredTest" />
	<system-out />
</testsuite> <!-- restassured.RestAssuredTest -->
